<?xml version="1.0" encoding="UTF-8"?>
<!-- Generated by org.testng.reporters.JUnitXMLReporter -->
<testsuite hostname="LAPTOP-C3E1HSB0" ignored="2" name="Default test" tests="1" failures="0" timestamp="26 May 2022 12:09:43 GMT" time="11.652" errors="0">
  <testcase name="JoinMeetingLnk" time="2.061" classname="com.test.RegressionTests"/>
  <testcase name="verifyTitleOfHomePage" time="0.0" classname="com.test.RegressionTests">
    <ignored/>
  </testcase> <!-- verifyTitleOfHomePage -->
  <testcase name="verifyHomeOfIjmeet" time="0.0" classname="com.test.RegressionTests">
    <ignored/>
  </testcase> <!-- verifyHomeOfIjmeet -->
</testsuite> <!-- Default test -->
