<?xml version="1.0" encoding="UTF-8"?>
<testng-results ignored="3" total="4" passed="1" failed="0" skipped="0">
  <reporter-output>
  </reporter-output>
  <suite started-at="2022-05-27T11:33:59Z" name="Default suite" finished-at="2022-05-27T11:34:25Z" duration-ms="25671">
    <groups>
    </groups>
    <test started-at="2022-05-27T11:33:59Z" name="Default test" finished-at="2022-05-27T11:34:25Z" duration-ms="25671">
      <class name="com.test.RegressionTests">
        <test-method is-config="true" signature="openBrowser()[pri:0, instance:com.test.RegressionTests@4f3bbf68]" started-at="2022-05-27T17:03:59Z" name="openBrowser" finished-at="2022-05-27T17:04:11Z" duration-ms="12112" status="PASS">
          <reporter-output>
          </reporter-output>
        </test-method> <!-- openBrowser -->
        <test-method signature="verifySignUpPage()[pri:0, instance:com.test.RegressionTests@4f3bbf68]" started-at="2022-05-27T17:04:11Z" name="verifySignUpPage" finished-at="2022-05-27T17:04:25Z" duration-ms="13530" status="PASS">
          <reporter-output>
          </reporter-output>
        </test-method> <!-- verifySignUpPage -->
      </class> <!-- com.test.RegressionTests -->
    </test> <!-- Default test -->
  </suite> <!-- Default suite -->
</testng-results>
